<?xml version="1.0" encoding="UTF-8"?>
<testng-results ignored="0" total="2" passed="2" failed="0" skipped="0">
  <reporter-output>
  </reporter-output>
  <suite started-at="2023-11-02T19:17:14 IST" name="Default suite" finished-at="2023-11-02T19:17:17 IST" duration-ms="2673">
    <groups>
    </groups>
    <test started-at="2023-11-02T19:17:14 IST" name="Default test" finished-at="2023-11-02T19:17:17 IST" duration-ms="2673">
      <class name="codeStudio.FirstGetRequest">
        <test-method signature="ListUser()[pri:0, instance:codeStudio.FirstGetRequest@5acf93bb]" started-at="2023-11-02T19:17:14 IST" name="ListUser" finished-at="2023-11-02T19:17:16 IST" duration-ms="2271" status="PASS">
          <reporter-output>
          </reporter-output>
        </test-method> <!-- ListUser -->
        <test-method signature="singleUser()[pri:0, instance:codeStudio.FirstGetRequest@5acf93bb]" started-at="2023-11-02T19:17:16 IST" name="singleUser" finished-at="2023-11-02T19:17:17 IST" duration-ms="346" status="PASS">
          <reporter-output>
          </reporter-output>
        </test-method> <!-- singleUser -->
      </class> <!-- codeStudio.FirstGetRequest -->
    </test> <!-- Default test -->
  </suite> <!-- Default suite -->
</testng-results>
