<?xml version="1.0" encoding="UTF-8"?>
<testng-results ignored="0" total="1" passed="1" failed="0" skipped="0">
  <reporter-output>
  </reporter-output>
  <suite started-at="2023-11-02T12:44:12 IST" name="Default suite" finished-at="2023-11-02T12:44:15 IST" duration-ms="3227">
    <groups>
    </groups>
    <test started-at="2023-11-02T12:44:12 IST" name="Default test" finished-at="2023-11-02T12:44:15 IST" duration-ms="3227">
      <class name="codeStudio.FirstGetRequest">
        <test-method signature="singleUser()[pri:0, instance:codeStudio.FirstGetRequest@1a18644]" started-at="2023-11-02T12:44:12 IST" name="singleUser" finished-at="2023-11-02T12:44:15 IST" duration-ms="3172" status="PASS">
          <reporter-output>
          </reporter-output>
        </test-method> <!-- singleUser -->
      </class> <!-- codeStudio.FirstGetRequest -->
    </test> <!-- Default test -->
  </suite> <!-- Default suite -->
</testng-results>
