<?xml version="1.0" encoding="UTF-8"?>
<testng-results ignored="0" total="3" passed="3" failed="0" skipped="0">
  <reporter-output>
  </reporter-output>
  <suite started-at="2023-08-08T18:44:57 IST" name="Default suite" finished-at="2023-08-08T18:45:07 IST" duration-ms="9874">
    <groups>
    </groups>
    <test started-at="2023-08-08T18:44:57 IST" name="Default test" finished-at="2023-08-08T18:45:07 IST" duration-ms="9874">
      <class name="libraryAPiMethods.DymanicJson">
        <test-method signature="AddBook(java.lang.String,java.lang.String)[pri:0, instance:libraryAPiMethods.DymanicJson@52af26ee]" started-at="2023-08-08T18:44:58 IST" name="AddBook" data-provider="BooksData" finished-at="2023-08-08T18:45:07 IST" duration-ms="9205" status="PASS">
          <params>
            <param index="0">
              <value>
                <![CDATA[pol]]>
              </value>
            </param>
            <param index="1">
              <value>
                <![CDATA[9878]]>
              </value>
            </param>
          </params>
          <reporter-output>
          </reporter-output>
        </test-method> <!-- AddBook -->
        <test-method signature="AddBook(java.lang.String,java.lang.String)[pri:0, instance:libraryAPiMethods.DymanicJson@52af26ee]" started-at="2023-08-08T18:45:07 IST" name="AddBook" data-provider="BooksData" finished-at="2023-08-08T18:45:07 IST" duration-ms="142" status="PASS">
          <params>
            <param index="0">
              <value>
                <![CDATA[uop]]>
              </value>
            </param>
            <param index="1">
              <value>
                <![CDATA[9632]]>
              </value>
            </param>
          </params>
          <reporter-output>
          </reporter-output>
        </test-method> <!-- AddBook -->
        <test-method signature="AddBook(java.lang.String,java.lang.String)[pri:0, instance:libraryAPiMethods.DymanicJson@52af26ee]" started-at="2023-08-08T18:45:07 IST" name="AddBook" data-provider="BooksData" finished-at="2023-08-08T18:45:07 IST" duration-ms="110" status="PASS">
          <params>
            <param index="0">
              <value>
                <![CDATA[loi]]>
              </value>
            </param>
            <param index="1">
              <value>
                <![CDATA[8458]]>
              </value>
            </param>
          </params>
          <reporter-output>
          </reporter-output>
        </test-method> <!-- AddBook -->
      </class> <!-- libraryAPiMethods.DymanicJson -->
    </test> <!-- Default test -->
  </suite> <!-- Default suite -->
</testng-results>
