<?xml version="1.0" encoding="UTF-8"?>
<testng-results ignored="0" total="1" passed="1" failed="0" skipped="0">
  <reporter-output>
  </reporter-output>
  <suite started-at="2023-08-08T17:27:05 IST" name="Default suite" finished-at="2023-08-08T17:27:23 IST" duration-ms="17487">
    <groups>
    </groups>
    <test started-at="2023-08-08T17:27:05 IST" name="Default test" finished-at="2023-08-08T17:27:23 IST" duration-ms="17487">
      <class name="libraryAPiMethods.DymanicJson">
        <test-method signature="AddBook()[pri:0, instance:libraryAPiMethods.DymanicJson@48f278eb]" started-at="2023-08-08T17:27:06 IST" name="AddBook" finished-at="2023-08-08T17:27:23 IST" duration-ms="17272" status="PASS">
          <reporter-output>
          </reporter-output>
        </test-method> <!-- AddBook -->
      </class> <!-- libraryAPiMethods.DymanicJson -->
    </test> <!-- Default test -->
  </suite> <!-- Default suite -->
</testng-results>
