<?xml version="1.0" encoding="UTF-8"?>
<!-- Generated by org.testng.reporters.JUnitXMLReporter -->
<testsuite ignored="0" hostname="DESKTOP-H5SI9MG" failures="0" tests="6" name="Test" time="3.853" errors="0" timestamp="2023-08-18T16:19:06 IST">
  <testcase classname="endToEndCommTest.EcomApiTest" name="Login" time="2.501"/>
  <testcase classname="endToEndCommTest.Createproduct" name="CreateItems" time="0.246"/>
  <testcase classname="endToEndCommTest.OrderProduct" name="OderProducts" time="0.736"/>
  <testcase classname="endToEndCommTest.DeleteProduct" name="deleteProduct" time="0.128"/>
  <testcase classname="endToEndCommTest.OrderView" name="orderView" time="0.086"/>
  <testcase classname="endToEndCommTest.OrderDelete" name="deleteOrder" time="0.095"/>
</testsuite> <!-- Test -->
