<?xml version="1.0" encoding="UTF-8"?>
<testng-results ignored="0" total="1" passed="1" failed="0" skipped="0">
  <reporter-output>
  </reporter-output>
  <suite started-at="2023-08-08T15:43:45 IST" name="Default suite" finished-at="2023-08-08T15:43:55 IST" duration-ms="10263">
    <groups>
    </groups>
    <test started-at="2023-08-08T15:43:45 IST" name="Default test" finished-at="2023-08-08T15:43:55 IST" duration-ms="10263">
      <class name="courceApi.SunValidation">
        <test-method signature="getSumPrice()[pri:0, instance:courceApi.SunValidation@48f278eb]" started-at="2023-08-08T15:43:45 IST" name="getSumPrice" finished-at="2023-08-08T15:43:55 IST" duration-ms="10027" status="PASS">
          <reporter-output>
          </reporter-output>
        </test-method> <!-- getSumPrice -->
      </class> <!-- courceApi.SunValidation -->
    </test> <!-- Default test -->
  </suite> <!-- Default suite -->
</testng-results>
