<?xml version="1.0" encoding="UTF-8"?>
<testng-results ignored="0" total="1" passed="1" failed="0" skipped="0">
  <reporter-output>
  </reporter-output>
  <suite started-at="2023-08-14T11:45:06 IST" name="Default suite" finished-at="2023-08-14T11:45:23 IST" duration-ms="17037">
    <groups>
    </groups>
    <test started-at="2023-08-14T11:45:06 IST" name="Default test" finished-at="2023-08-14T11:45:23 IST" duration-ms="17037">
      <class name="TestIQT.TwoWayAvai">
        <test-method is-config="true" signature="LoginTest()[pri:0, instance:TestIQT.TwoWayAvai@550dbc7a]" started-at="2023-08-14T11:45:06 IST" name="LoginTest" finished-at="2023-08-14T11:45:09 IST" duration-ms="2900" status="PASS">
          <reporter-output>
          </reporter-output>
        </test-method> <!-- LoginTest -->
        <test-method signature="twoWayAvailibity()[pri:0, instance:TestIQT.TwoWayAvai@550dbc7a]" started-at="2023-08-14T11:45:09 IST" name="twoWayAvailibity" finished-at="2023-08-14T11:45:23 IST" duration-ms="14084" status="PASS">
          <reporter-output>
          </reporter-output>
        </test-method> <!-- twoWayAvailibity -->
      </class> <!-- TestIQT.TwoWayAvai -->
    </test> <!-- Default test -->
  </suite> <!-- Default suite -->
</testng-results>
