<?xml version="1.0" encoding="UTF-8"?>
<testng-results ignored="0" total="6" passed="6" failed="0" skipped="0">
  <reporter-output>
  </reporter-output>
  <suite started-at="2023-08-18T16:19:02 IST" name="Suite" finished-at="2023-08-18T16:19:06 IST" duration-ms="3853">
    <groups>
    </groups>
    <test started-at="2023-08-18T16:19:02 IST" name="Test" finished-at="2023-08-18T16:19:06 IST" duration-ms="3853">
      <class name="endToEndCommTest.OrderDelete">
        <test-method signature="Login()[pri:1, instance:endToEndCommTest.OrderDelete@55a147cc]" started-at="2023-08-18T16:19:02 IST" name="Login" finished-at="2023-08-18T16:19:04 IST" duration-ms="2501" status="PASS">
          <reporter-output>
          </reporter-output>
        </test-method> <!-- Login -->
        <test-method signature="CreateItems()[pri:2, instance:endToEndCommTest.OrderDelete@55a147cc]" started-at="2023-08-18T16:19:04 IST" name="CreateItems" finished-at="2023-08-18T16:19:05 IST" duration-ms="246" status="PASS">
          <reporter-output>
          </reporter-output>
        </test-method> <!-- CreateItems -->
        <test-method signature="OderProducts()[pri:3, instance:endToEndCommTest.OrderDelete@55a147cc]" started-at="2023-08-18T16:19:05 IST" name="OderProducts" finished-at="2023-08-18T16:19:05 IST" duration-ms="736" status="PASS">
          <reporter-output>
          </reporter-output>
        </test-method> <!-- OderProducts -->
        <test-method signature="deleteProduct()[pri:4, instance:endToEndCommTest.OrderDelete@55a147cc]" started-at="2023-08-18T16:19:05 IST" name="deleteProduct" finished-at="2023-08-18T16:19:05 IST" duration-ms="128" status="PASS">
          <reporter-output>
          </reporter-output>
        </test-method> <!-- deleteProduct -->
        <test-method signature="orderView()[pri:5, instance:endToEndCommTest.OrderDelete@55a147cc]" started-at="2023-08-18T16:19:05 IST" name="orderView" finished-at="2023-08-18T16:19:06 IST" duration-ms="86" status="PASS">
          <reporter-output>
          </reporter-output>
        </test-method> <!-- orderView -->
        <test-method signature="deleteOrder()[pri:6, instance:endToEndCommTest.OrderDelete@55a147cc]" started-at="2023-08-18T16:19:06 IST" name="deleteOrder" finished-at="2023-08-18T16:19:06 IST" duration-ms="95" status="PASS">
          <reporter-output>
          </reporter-output>
        </test-method> <!-- deleteOrder -->
      </class> <!-- endToEndCommTest.OrderDelete -->
    </test> <!-- Test -->
  </suite> <!-- Suite -->
</testng-results>
