<?xml version="1.0" encoding="UTF-8"?>
<!-- Generated by org.testng.reporters.JUnitXMLReporter -->
<testsuite ignored="0" hostname="Akshay-singh" failures="0" tests="3" name="Default test" time="2.068" errors="0" timestamp="2023-08-08T20:27:25 IST">
  <testcase classname="libraryAPiMethods.DymanicJson" name="AddBook" time="1.719"/>
  <testcase classname="libraryAPiMethods.DymanicJson" name="AddBook" time="0.16"/>
  <testcase classname="libraryAPiMethods.DymanicJson" name="AddBook" time="0.143"/>
</testsuite> <!-- Default test -->
