<?xml version="1.0" encoding="UTF-8"?>
<!-- Generated by org.testng.reporters.JUnitXMLReporter -->
<testsuite ignored="0" hostname="DESKTOP-H5SI9MG" failures="0" tests="3" name="Default test" time="9.874" errors="0" timestamp="2023-08-08T18:45:07 IST">
  <testcase classname="libraryAPiMethods.DymanicJson" name="AddBook" time="9.205"/>
  <testcase classname="libraryAPiMethods.DymanicJson" name="AddBook" time="0.142"/>
  <testcase classname="libraryAPiMethods.DymanicJson" name="AddBook" time="0.11"/>
</testsuite> <!-- Default test -->
