<?xml version="1.0" encoding="UTF-8"?>
<!-- Generated by org.testng.reporters.JUnitXMLReporter -->
<testsuite ignored="0" hostname="DESKTOP-H5SI9MG" failures="0" tests="6" name="Default test" time="4.854" errors="0" timestamp="2023-08-18T16:12:46 IST">
  <testcase classname="endToEndCommTest.EcomApiTest" name="Login" time="2.479"/>
  <testcase classname="endToEndCommTest.Createproduct" name="CreateItems" time="0.229"/>
  <testcase classname="endToEndCommTest.OrderProduct" name="OderProducts" time="0.69"/>
  <testcase classname="endToEndCommTest.DeleteProduct" name="deleteProduct" time="0.142"/>
  <testcase classname="endToEndCommTest.OrderView" name="orderView" time="0.664"/>
  <testcase classname="endToEndCommTest.OrderDelete" name="deleteOrder" time="0.581"/>
</testsuite> <!-- Default test -->
