<?xml version="1.0" encoding="UTF-8"?>
<!-- Generated by org.testng.reporters.JUnitXMLReporter -->
<testsuite ignored="0" hostname="Akshay-singh" failures="0" tests="3" name="Default test" time="11.371" errors="0" timestamp="2023-08-11T22:35:24 IST">
  <testcase classname="TestIQT.LoginIQT" name="LoginTest" time="2.153"/>
  <testcase classname="TestIQT.LoginIQT" name="oneWayAvailibity" time="4.02"/>
  <testcase classname="TestIQT.LoginIQT" name="twoWayAvailibity" time="5.161"/>
</testsuite> <!-- Default test -->
